[Sun Sep 15 18:30:18.608000 2024] [ssl:warn] [pid 12312:tid 396] AH01909: www.example.com:443:0 server certificate does NOT include an ID which matches the server name
[Sun Sep 15 18:30:18.746157 2024] [ssl:warn] [pid 12312:tid 396] AH01909: www.example.com:443:0 server certificate does NOT include an ID which matches the server name
[Sun Sep 15 18:30:18.791529 2024] [mpm_winnt:notice] [pid 12312:tid 396] AH00455: Apache/2.4.58 (Win64) OpenSSL/3.1.3 PHP/8.2.12 configured -- resuming normal operations
[Sun Sep 15 18:30:18.791529 2024] [mpm_winnt:notice] [pid 12312:tid 396] AH00456: Apache Lounge VS17 Server built: Oct 18 2023 13:03:18
[Sun Sep 15 18:30:18.791529 2024] [core:notice] [pid 12312:tid 396] AH00094: Command line: 'f:\\xampp\\apache\\bin\\httpd.exe -d F:/xampp/apache'
[Sun Sep 15 18:30:18.802528 2024] [mpm_winnt:notice] [pid 12312:tid 396] AH00418: Parent: Created child process 20732
[Sun Sep 15 18:30:19.280454 2024] [ssl:warn] [pid 20732:tid 404] AH01909: www.example.com:443:0 server certificate does NOT include an ID which matches the server name
[Sun Sep 15 18:30:19.394182 2024] [ssl:warn] [pid 20732:tid 404] AH01909: www.example.com:443:0 server certificate does NOT include an ID which matches the server name
[Sun Sep 15 18:30:19.428183 2024] [mpm_winnt:notice] [pid 20732:tid 404] AH00354: Child: Starting 150 worker threads.
[Sun Sep 15 18:32:34.367529 2024] [ssl:warn] [pid 20516:tid 436] AH01909: www.example.com:443:0 server certificate does NOT include an ID which matches the server name
[Sun Sep 15 18:32:34.575925 2024] [core:warn] [pid 20516:tid 436] AH00098: pid file F:/xampp/apache/logs/httpd.pid overwritten -- Unclean shutdown of previous Apache run?
[Sun Sep 15 18:32:34.616919 2024] [ssl:warn] [pid 20516:tid 436] AH01909: www.example.com:443:0 server certificate does NOT include an ID which matches the server name
[Sun Sep 15 18:32:34.651925 2024] [mpm_winnt:notice] [pid 20516:tid 436] AH00455: Apache/2.4.58 (Win64) OpenSSL/3.1.3 PHP/8.2.12 configured -- resuming normal operations
[Sun Sep 15 18:32:34.651925 2024] [mpm_winnt:notice] [pid 20516:tid 436] AH00456: Apache Lounge VS17 Server built: Oct 18 2023 13:03:18
[Sun Sep 15 18:32:34.651925 2024] [core:notice] [pid 20516:tid 436] AH00094: Command line: 'f:\\xampp\\apache\\bin\\httpd.exe -d F:/xampp/apache'
[Sun Sep 15 18:32:34.656919 2024] [mpm_winnt:notice] [pid 20516:tid 436] AH00418: Parent: Created child process 29104
[Sun Sep 15 18:32:34.978449 2024] [ssl:warn] [pid 29104:tid 408] AH01909: www.example.com:443:0 server certificate does NOT include an ID which matches the server name
[Sun Sep 15 18:32:35.299406 2024] [ssl:warn] [pid 29104:tid 408] AH01909: www.example.com:443:0 server certificate does NOT include an ID which matches the server name
[Sun Sep 15 18:32:35.336407 2024] [mpm_winnt:notice] [pid 29104:tid 408] AH00354: Child: Starting 150 worker threads.
[Sun Sep 15 19:20:39.557214 2024] [php:error] [pid 29104:tid 1904] [client ::1:5224] PHP Fatal error:  Uncaught mysqli_sql_exception: Access denied for user 'Stellar_Database'@'localhost' (using password: YES) in F:\\xampp\\htdocs\\SBA\\home.php:8\nStack trace:\n#0 F:\\xampp\\htdocs\\SBA\\home.php(8): mysqli_connect('localhost', 'Stellar_Databas...', Object(SensitiveParameterValue), 'stellar_databas...')\n#1 {main}\n  thrown in F:\\xampp\\htdocs\\SBA\\home.php on line 8
[Sun Sep 15 19:21:57.969665 2024] [php:error] [pid 29104:tid 1904] [client ::1:5379] PHP Fatal error:  Uncaught mysqli_sql_exception: Table 'stellar_database.password_requests' doesn't exist in F:\\xampp\\htdocs\\SBA\\validate.php:21\nStack trace:\n#0 F:\\xampp\\htdocs\\SBA\\validate.php(21): mysqli_query(Object(mysqli), 'SELECT * FROM p...')\n#1 {main}\n  thrown in F:\\xampp\\htdocs\\SBA\\validate.php on line 21, referer: http://localhost/SBA/login.html
[Sun Sep 15 19:24:44.395909 2024] [php:warn] [pid 29104:tid 1928] [client ::1:5667] PHP Warning:  Undefined array key "username" in F:\\xampp\\htdocs\\SBA\\amc_account.php on line 77, referer: http://localhost/SBA/AdminHome.php
[Sun Sep 15 19:24:44.396908 2024] [php:notice] [pid 29104:tid 1928] [client ::1:5667] PHP Deprecated:  htmlspecialchars(): Passing null to parameter #1 ($string) of type string is deprecated in F:\\xampp\\htdocs\\SBA\\amc_account.php on line 77, referer: http://localhost/SBA/AdminHome.php
[Sun Sep 15 19:24:44.396908 2024] [php:warn] [pid 29104:tid 1928] [client ::1:5667] PHP Warning:  Undefined array key "email" in F:\\xampp\\htdocs\\SBA\\amc_account.php on line 79, referer: http://localhost/SBA/AdminHome.php
[Sun Sep 15 19:24:44.396908 2024] [php:notice] [pid 29104:tid 1928] [client ::1:5667] PHP Deprecated:  htmlspecialchars(): Passing null to parameter #1 ($string) of type string is deprecated in F:\\xampp\\htdocs\\SBA\\amc_account.php on line 79, referer: http://localhost/SBA/AdminHome.php
[Sun Sep 15 19:24:44.397908 2024] [php:warn] [pid 29104:tid 1928] [client ::1:5667] PHP Warning:  Undefined array key "username" in F:\\xampp\\htdocs\\SBA\\amc_account.php on line 77, referer: http://localhost/SBA/AdminHome.php
[Sun Sep 15 19:24:44.397908 2024] [php:notice] [pid 29104:tid 1928] [client ::1:5667] PHP Deprecated:  htmlspecialchars(): Passing null to parameter #1 ($string) of type string is deprecated in F:\\xampp\\htdocs\\SBA\\amc_account.php on line 77, referer: http://localhost/SBA/AdminHome.php
[Sun Sep 15 19:24:44.397908 2024] [php:warn] [pid 29104:tid 1928] [client ::1:5667] PHP Warning:  Undefined array key "email" in F:\\xampp\\htdocs\\SBA\\amc_account.php on line 79, referer: http://localhost/SBA/AdminHome.php
[Sun Sep 15 19:24:44.397908 2024] [php:notice] [pid 29104:tid 1928] [client ::1:5667] PHP Deprecated:  htmlspecialchars(): Passing null to parameter #1 ($string) of type string is deprecated in F:\\xampp\\htdocs\\SBA\\amc_account.php on line 79, referer: http://localhost/SBA/AdminHome.php
[Sun Sep 15 19:24:44.398908 2024] [php:warn] [pid 29104:tid 1928] [client ::1:5667] PHP Warning:  Undefined array key "username" in F:\\xampp\\htdocs\\SBA\\amc_account.php on line 77, referer: http://localhost/SBA/AdminHome.php
[Sun Sep 15 19:24:44.398908 2024] [php:notice] [pid 29104:tid 1928] [client ::1:5667] PHP Deprecated:  htmlspecialchars(): Passing null to parameter #1 ($string) of type string is deprecated in F:\\xampp\\htdocs\\SBA\\amc_account.php on line 77, referer: http://localhost/SBA/AdminHome.php
[Sun Sep 15 19:24:44.399909 2024] [php:warn] [pid 29104:tid 1928] [client ::1:5667] PHP Warning:  Undefined array key "email" in F:\\xampp\\htdocs\\SBA\\amc_account.php on line 79, referer: http://localhost/SBA/AdminHome.php
[Sun Sep 15 19:24:44.399909 2024] [php:notice] [pid 29104:tid 1928] [client ::1:5667] PHP Deprecated:  htmlspecialchars(): Passing null to parameter #1 ($string) of type string is deprecated in F:\\xampp\\htdocs\\SBA\\amc_account.php on line 79, referer: http://localhost/SBA/AdminHome.php
[Sun Sep 15 19:24:44.399909 2024] [php:warn] [pid 29104:tid 1928] [client ::1:5667] PHP Warning:  Undefined array key "username" in F:\\xampp\\htdocs\\SBA\\amc_account.php on line 77, referer: http://localhost/SBA/AdminHome.php
[Sun Sep 15 19:24:44.400909 2024] [php:notice] [pid 29104:tid 1928] [client ::1:5667] PHP Deprecated:  htmlspecialchars(): Passing null to parameter #1 ($string) of type string is deprecated in F:\\xampp\\htdocs\\SBA\\amc_account.php on line 77, referer: http://localhost/SBA/AdminHome.php
[Sun Sep 15 19:24:44.400909 2024] [php:warn] [pid 29104:tid 1928] [client ::1:5667] PHP Warning:  Undefined array key "email" in F:\\xampp\\htdocs\\SBA\\amc_account.php on line 79, referer: http://localhost/SBA/AdminHome.php
[Sun Sep 15 19:24:44.400909 2024] [php:notice] [pid 29104:tid 1928] [client ::1:5667] PHP Deprecated:  htmlspecialchars(): Passing null to parameter #1 ($string) of type string is deprecated in F:\\xampp\\htdocs\\SBA\\amc_account.php on line 79, referer: http://localhost/SBA/AdminHome.php
[Sun Sep 15 19:26:55.424222 2024] [php:warn] [pid 29104:tid 1904] [client ::1:5959] PHP Warning:  Undefined array key "email" in F:\\xampp\\htdocs\\SBA\\amc_account.php on line 79, referer: http://localhost/SBA/AdminHome.php
[Sun Sep 15 19:26:55.425223 2024] [php:notice] [pid 29104:tid 1904] [client ::1:5959] PHP Deprecated:  htmlspecialchars(): Passing null to parameter #1 ($string) of type string is deprecated in F:\\xampp\\htdocs\\SBA\\amc_account.php on line 79, referer: http://localhost/SBA/AdminHome.php
[Sun Sep 15 19:26:55.425223 2024] [php:warn] [pid 29104:tid 1904] [client ::1:5959] PHP Warning:  Undefined array key "email" in F:\\xampp\\htdocs\\SBA\\amc_account.php on line 79, referer: http://localhost/SBA/AdminHome.php
[Sun Sep 15 19:26:55.425223 2024] [php:notice] [pid 29104:tid 1904] [client ::1:5959] PHP Deprecated:  htmlspecialchars(): Passing null to parameter #1 ($string) of type string is deprecated in F:\\xampp\\htdocs\\SBA\\amc_account.php on line 79, referer: http://localhost/SBA/AdminHome.php
[Sun Sep 15 19:26:55.426222 2024] [php:warn] [pid 29104:tid 1904] [client ::1:5959] PHP Warning:  Undefined array key "email" in F:\\xampp\\htdocs\\SBA\\amc_account.php on line 79, referer: http://localhost/SBA/AdminHome.php
[Sun Sep 15 19:26:55.426222 2024] [php:notice] [pid 29104:tid 1904] [client ::1:5959] PHP Deprecated:  htmlspecialchars(): Passing null to parameter #1 ($string) of type string is deprecated in F:\\xampp\\htdocs\\SBA\\amc_account.php on line 79, referer: http://localhost/SBA/AdminHome.php
[Sun Sep 15 19:26:55.426222 2024] [php:warn] [pid 29104:tid 1904] [client ::1:5959] PHP Warning:  Undefined array key "email" in F:\\xampp\\htdocs\\SBA\\amc_account.php on line 79, referer: http://localhost/SBA/AdminHome.php
[Sun Sep 15 19:26:55.427223 2024] [php:notice] [pid 29104:tid 1904] [client ::1:5959] PHP Deprecated:  htmlspecialchars(): Passing null to parameter #1 ($string) of type string is deprecated in F:\\xampp\\htdocs\\SBA\\amc_account.php on line 79, referer: http://localhost/SBA/AdminHome.php
[Sun Sep 15 22:46:03.818206 2024] [php:error] [pid 29104:tid 1904] [client ::1:4845] script 'F:/xampp/htdocs/SBA/edit_user.php' not found or unable to stat, referer: http://localhost/SBA/amc_account.php
[Sun Sep 15 22:51:46.579692 2024] [php:error] [pid 29104:tid 1904] [client ::1:5912] script 'F:/xampp/htdocs/SBA/edit_user.php' not found or unable to stat, referer: http://localhost/SBA/amc_account.php
[Sun Sep 15 22:51:59.593242 2024] [ssl:warn] [pid 46916:tid 396] AH01909: www.example.com:443:0 server certificate does NOT include an ID which matches the server name
[Sun Sep 15 22:51:59.663758 2024] [core:warn] [pid 46916:tid 396] AH00098: pid file F:/xampp/apache/logs/httpd.pid overwritten -- Unclean shutdown of previous Apache run?
[Sun Sep 15 22:51:59.681756 2024] [ssl:warn] [pid 46916:tid 396] AH01909: www.example.com:443:0 server certificate does NOT include an ID which matches the server name
[Sun Sep 15 22:51:59.762903 2024] [mpm_winnt:notice] [pid 46916:tid 396] AH00455: Apache/2.4.58 (Win64) OpenSSL/3.1.3 PHP/8.2.12 configured -- resuming normal operations
[Sun Sep 15 22:51:59.762903 2024] [mpm_winnt:notice] [pid 46916:tid 396] AH00456: Apache Lounge VS17 Server built: Oct 18 2023 13:03:18
[Sun Sep 15 22:51:59.762903 2024] [core:notice] [pid 46916:tid 396] AH00094: Command line: 'f:\\xampp\\apache\\bin\\httpd.exe -d F:/xampp/apache'
[Sun Sep 15 22:51:59.767903 2024] [mpm_winnt:notice] [pid 46916:tid 396] AH00418: Parent: Created child process 46792
[Sun Sep 15 22:52:00.087354 2024] [ssl:warn] [pid 46792:tid 424] AH01909: www.example.com:443:0 server certificate does NOT include an ID which matches the server name
[Sun Sep 15 22:52:00.151489 2024] [ssl:warn] [pid 46792:tid 424] AH01909: www.example.com:443:0 server certificate does NOT include an ID which matches the server name
[Sun Sep 15 22:52:00.186490 2024] [mpm_winnt:notice] [pid 46792:tid 424] AH00354: Child: Starting 150 worker threads.
[Sun Sep 15 23:16:31.807474 2024] [php:error] [pid 46792:tid 1928] [client ::1:10962] PHP Fatal error:  Uncaught mysqli_sql_exception: Table 'stellar_database.done_orders' doesn't exist in F:\\xampp\\htdocs\\SBA\\amc_order.php:48\nStack trace:\n#0 F:\\xampp\\htdocs\\SBA\\amc_order.php(48): mysqli_query(Object(mysqli), 'INSERT INTO don...')\n#1 {main}\n  thrown in F:\\xampp\\htdocs\\SBA\\amc_order.php on line 48, referer: http://localhost/SBA/amc_order.php
